2024-10-25T19:36:37.238Z - Username: nyssisen - Success: true
2024-10-25T19:38:34.101Z - Username: nyssisen - Success: true
2024-10-25T19:40:08.554Z - Username: nyssisen - Success: true
2024-10-25T19:41:08.081Z - Username: nyssisen - Success: true
2024-10-25T19:41:26.311Z - Username: gygy - Success: false
2024-10-25T19:45:54.228Z - Username: nyssisen - Success: true
2024-10-25T19:46:06.355Z - Username: liam - Success: true
2024-10-29T08:59:27.040Z - Username: nyssisen - Success: true
2024-10-29T09:10:56.579Z - Username: nyssisen - Success: true
2024-10-29T09:19:57.734Z - Username: nyssisen - Success: true
2024-10-29T09:21:06.151Z - Username: jensens - Success: false
2024-10-29T09:21:10.102Z - Username: jensens - Success: true
2024-10-29T09:24:43.333Z - Username: jensens - Success: false
2024-10-29T09:24:53.196Z - Username: nyssisen - Success: true
2024-10-29T09:24:58.971Z - Username: nyssisen - Success: true
2024-10-30T10:19:30.640Z - Username: nyssisen - Success: true
2024-10-30T10:19:45.939Z - Username: fannosa - Success: true
2024-10-30T10:19:55.796Z - Username: fannosa - Success: true
2024-10-30T10:24:23.027Z - Username: fannosa - Success: true - IP: ::1 - User-Agent: Mozilla/5.0 (Macintosh; Intel Mac OS X 10_15_7) AppleWebKit/537.36 (KHTML, like Gecko) Chrome/129.0.0.0 Safari/537.36
2024-10-30T10:27:05.378Z - Username: fannosa - Success: true - IP: ::1 - User-Agent: Mozilla/5.0 (Macintosh; Intel Mac OS X 10_15_7) AppleWebKit/537.36 (KHTML, like Gecko) Chrome/129.0.0.0 Safari/537.36
2024-10-30T10:28:11.743Z - Username: fannosa - Success: true - IP: ::1 - User-Agent: Mozilla/5.0 (Macintosh; Intel Mac OS X 10_15_7) AppleWebKit/537.36 (KHTML, like Gecko) Chrome/129.0.0.0 Safari/537.36
2024-10-30T10:38:13.783Z - Username: fannosa - Success: true - IP: ::1 - User-Agent: Mozilla/5.0 (Macintosh; Intel Mac OS X 10_15_7) AppleWebKit/537.36 (KHTML, like Gecko) Chrome/129.0.0.0 Safari/537.36
